###############################################################
#  Generated by:      Cadence Tempus 22.11-s001_1
#  OS:                Linux x86_64(Host ID CICS11.kletech.ac.in)
#  Generated on:      Sat Oct 25 14:22:28 2025
#  Design:            cpu_sys_emep_top
#  Command:           report_clocks -groups > $run_dir/report_clock_groups.rpt
###############################################################

---------------------------------------------------------------------
                         Clock Groups Descriptions
---------------------------------------------------------------------
Total logically exclusive groups: 0

Total asynchronous groups: 3
Clock Group : HPC_CLK_VIR_others_1
 -group { HPC_CLK_VIR }
Clock Group : GPIO_CLK_VIR_others_1
 -group { GPIO_CLK_VIR }
Clock Group : FUSE_CLK_others_1
 -group { FUSE_CLK }

Total physically exclusive groups: 0
---------------------------------------------------------------------
